<?xml version="1.0" encoding="UTF-8"?>
<!-- Generated by org.testng.reporters.JUnitXMLReporter -->
<testsuite ignored="0" hostname="DESKTOP-7S4JQ9S" failures="0" tests="4" name="Default test" time="0.076" errors="0" timestamp="2025-07-05T16:17:48 IST">
  <testcase classname="test.Firstclass" name="Demo" time="0.011"/>
  <testcase classname="test.Firstclass" name="login" time="0.002"/>
  <testcase classname="test.Firstclass" name="logout" time="0.004"/>
  <testcase classname="test.Firstclass" name="show" time="0.002"/>
</testsuite> <!-- Default test -->
