<?xml version="1.0" encoding="UTF-8"?>
<testng-results ignored="2" total="2" passed="0" failed="0" skipped="0">
  <reporter-output>
  </reporter-output>
  <suite started-at="2025-07-07T13:09:49 IST" name="Bancs" finished-at="2025-07-07T13:09:49 IST" duration-ms="28">
    <groups>
    </groups>
    <test started-at="2025-07-07T13:09:49 IST" name="CitiGlobal" finished-at="2025-07-07T13:09:49 IST" duration-ms="28">
      <class name="test.Firstclass">
        <test-method is-config="true" signature="show()[pri:0, instance:test.Firstclass@217ed35e]" started-at="2025-07-07T13:09:49 IST" name="show" finished-at="2025-07-07T13:09:49 IST" duration-ms="11" status="PASS">
          <reporter-output>
          </reporter-output>
        </test-method> <!-- show -->
        <test-method is-config="true" signature="Demo()[pri:0, instance:test.Firstclass@217ed35e]" started-at="2025-07-07T13:09:49 IST" name="Demo" finished-at="2025-07-07T13:09:49 IST" duration-ms="2" status="PASS">
          <reporter-output>
          </reporter-output>
        </test-method> <!-- Demo -->
      </class> <!-- test.Firstclass -->
    </test> <!-- CitiGlobal -->
  </suite> <!-- Bancs -->
</testng-results>
